[INFO] Scanning for projects...
[INFO] 
[INFO] --------------------------< com.lms:backend >---------------------------
[INFO] Building  0.0.1-SNAPSHOT
[INFO]   from pom.xml
[INFO] --------------------------------[ jar ]---------------------------------
[INFO] 
[INFO] --- clean:3.5.0:clean (default-clean) @ backend ---
[INFO] Deleting /Users/pamudithasenanayake/Downloads/Projects/LMS_IUAP/backend/target
[INFO] 
[INFO] >>> spring-boot:4.0.4:run (default-cli) > test-compile @ backend >>>
[INFO] 
[INFO] --- resources:3.3.1:resources (default-resources) @ backend ---
[INFO] Copying 1 resource from src/main/resources to target/classes
[INFO] Copying 0 resource from src/main/resources to target/classes
[INFO] 
[INFO] --- compiler:3.14.1:compile (default-compile) @ backend ---
[INFO] Recompiling the module because of changed source code.
[INFO] Compiling 55 source files with javac [debug parameters release 17] to target/classes
[INFO] 
[INFO] --- resources:3.3.1:testResources (default-testResources) @ backend ---
[INFO] skip non existing resourceDirectory /Users/pamudithasenanayake/Downloads/Projects/LMS_IUAP/backend/src/test/resources
[INFO] 
[INFO] --- compiler:3.14.1:testCompile (default-testCompile) @ backend ---
[INFO] Recompiling the module because of changed dependency.
[INFO] Compiling 1 source file with javac [debug parameters release 17] to target/test-classes
[INFO] 
[INFO] <<< spring-boot:4.0.4:run (default-cli) < test-compile @ backend <<<
[INFO] 
[INFO] 
[INFO] --- spring-boot:4.0.4:run (default-cli) @ backend ---
[INFO] Attaching agents: []

  .   ____          _            __ _ _
 /\\ / ___'_ __ _ _(_)_ __  __ _ \ \ \ \
( ( )\___ | '_ | '_| | '_ \/ _` | \ \ \ \
 \\/  ___)| |_)| | | | | || (_| |  ) ) ) )
  '  |____| .__|_| |_|_| |_\__, | / / / /
 =========|_|==============|___/=/_/_/_/

 :: Spring Boot ::                (v4.0.4)

2026-04-03T14:07:43.997+05:30  INFO 31852 --- [backend] [           main] com.lms.backend.BackendApplication       : Starting BackendApplication using Java 22.0.1 with PID 31852 (/Users/pamudithasenanayake/Downloads/Projects/LMS_IUAP/backend/target/classes started by pamudithasenanayake in /Users/pamudithasenanayake/Downloads/Projects/LMS_IUAP/backend)
2026-04-03T14:07:43.999+05:30  INFO 31852 --- [backend] [           main] com.lms.backend.BackendApplication       : No active profile set, falling back to 1 default profile: "default"
2026-04-03T14:07:44.477+05:30  INFO 31852 --- [backend] [           main] .s.d.r.c.RepositoryConfigurationDelegate : Bootstrapping Spring Data MongoDB repositories in DEFAULT mode.
2026-04-03T14:07:44.534+05:30  INFO 31852 --- [backend] [           main] .s.d.r.c.RepositoryConfigurationDelegate : Finished Spring Data repository scanning in 54 ms. Found 14 MongoDB repository interfaces.
2026-04-03T14:07:44.797+05:30  INFO 31852 --- [backend] [           main] o.s.boot.tomcat.TomcatWebServer          : Tomcat initialized with port 8080 (http)
2026-04-03T14:07:44.806+05:30  INFO 31852 --- [backend] [           main] o.apache.catalina.core.StandardService   : Starting service [Tomcat]
2026-04-03T14:07:44.806+05:30  INFO 31852 --- [backend] [           main] o.apache.catalina.core.StandardEngine    : Starting Servlet engine: [Apache Tomcat/11.0.18]
2026-04-03T14:07:44.845+05:30  INFO 31852 --- [backend] [           main] b.w.c.s.WebApplicationContextInitializer : Root WebApplicationContext: initialization completed in 814 ms
2026-04-03T14:07:45.023+05:30  INFO 31852 --- [backend] [           main] org.mongodb.driver.client                : MongoClient with metadata {"application": {"name": "Cluster0"}, "driver": {"name": "mongo-java-driver|sync", "version": "5.6.4"}, "os": {"type": "Darwin", "name": "Mac OS X", "architecture": "aarch64", "version": "26.3.1"}, "platform": "Java/Oracle Corporation/22.0.1+8-16"} created with settings MongoClientSettings{readPreference=primary, writeConcern=WriteConcern{w=null, wTimeout=null ms, journal=null}, retryWrites=true, retryReads=true, readConcern=ReadConcern{level=null}, credential=MongoCredential{mechanism=null, userName='pamudithasenanayake_db_user', source='admin', password=<hidden>, mechanismProperties=<hidden>}, transportSettings=null, commandListeners=[], codecRegistry=ProvidersCodecRegistry{codecProviders=[ValueCodecProvider{}, BsonValueCodecProvider{}, DBRefCodecProvider{}, DBObjectCodecProvider{}, DocumentCodecProvider{}, CollectionCodecProvider{}, IterableCodecProvider{}, MapCodecProvider{}, GeoJsonCodecProvider{}, GridFSFileCodecProvider{}, Jsr310CodecProvider{}, JsonObjectCodecProvider{}, BsonCodecProvider{}, com.mongodb.client.model.mql.ExpressionCodecProvider@1526f71, com.mongodb.Jep395RecordCodecProvider@49ca94a9, com.mongodb.KotlinCodecProvider@9ab310b, EnumCodecProvider{}]}, loggerSettings=LoggerSettings{maxDocumentLength=1000}, clusterSettings={hosts=[127.0.0.1:27017], srvHost=cluster0.2pv8a2t.mongodb.net, srvServiceName=mongodb, mode=MULTIPLE, requiredClusterType=REPLICA_SET, requiredReplicaSetName='atlas-ixxxm6-shard-0', serverSelector='null', clusterListeners='[]', serverSelectionTimeout='30000 ms', localThreshold='15 ms'}, socketSettings=SocketSettings{connectTimeoutMS=10000, readTimeoutMS=0, receiveBufferSize=0, proxySettings=ProxySettings{host=null, port=null, username=null, password=null}}, heartbeatSocketSettings=SocketSettings{connectTimeoutMS=10000, readTimeoutMS=10000, receiveBufferSize=0, proxySettings=ProxySettings{host=null, port=null, username=null, password=null}}, connectionPoolSettings=ConnectionPoolSettings{maxSize=100, minSize=0, maxWaitTimeMS=120000, maxConnectionLifeTimeMS=0, maxConnectionIdleTimeMS=0, maintenanceInitialDelayMS=0, maintenanceFrequencyMS=60000, connectionPoolListeners=[], maxConnecting=2}, serverSettings=ServerSettings{heartbeatFrequencyMS=10000, minHeartbeatFrequencyMS=500, serverMonitoringMode=AUTO, serverListeners='[]', serverMonitorListeners='[]'}, sslSettings=SslSettings{enabled=true, invalidHostNameAllowed=false, context=null}, applicationName='Cluster0', compressorList=[], uuidRepresentation=UNSPECIFIED, serverApi=null, autoEncryptionSettings=null, dnsClient=null, inetAddressResolver=null, contextProvider=null, timeoutMS=null}
2026-04-03T14:07:45.082+05:30  INFO 31852 --- [backend] [a2t.mongodb.net] org.mongodb.driver.cluster               : Adding discovered server ac-1w8qwcv-shard-00-02.2pv8a2t.mongodb.net:27017 to client view of cluster
2026-04-03T14:07:45.093+05:30  INFO 31852 --- [backend] [a2t.mongodb.net] org.mongodb.driver.cluster               : Adding discovered server ac-1w8qwcv-shard-00-00.2pv8a2t.mongodb.net:27017 to client view of cluster
2026-04-03T14:07:45.093+05:30  INFO 31852 --- [backend] [a2t.mongodb.net] org.mongodb.driver.cluster               : Adding discovered server ac-1w8qwcv-shard-00-01.2pv8a2t.mongodb.net:27017 to client view of cluster
2026-04-03T14:07:45.291+05:30  INFO 31852 --- [backend] [           main] eAuthenticationProviderManagerConfigurer : Global AuthenticationManager configured with AuthenticationProvider bean with name authenticationProvider
2026-04-03T14:07:45.291+05:30  WARN 31852 --- [backend] [           main] r$InitializeUserDetailsManagerConfigurer : Global AuthenticationManager configured with an AuthenticationProvider bean. UserDetailsService beans will not be used by Spring Security for automatically configuring username/password login. Consider removing the AuthenticationProvider bean. Alternatively, consider using the UserDetailsService in a manually instantiated DaoAuthenticationProvider. If the current configuration is intentional, to turn off this warning, increase the logging level of 'org.springframework.security.config.annotation.authentication.configuration.InitializeUserDetailsBeanManagerConfigurer' to ERROR
2026-04-03T14:07:45.825+05:30  INFO 31852 --- [backend] [           main] o.s.boot.tomcat.TomcatWebServer          : Tomcat started on port 8080 (http) with context path '/'
2026-04-03T14:07:45.832+05:30  INFO 31852 --- [backend] [           main] com.lms.backend.BackendApplication       : Started BackendApplication in 2.129 seconds (process running for 2.452)
2026-04-03T14:07:45.870+05:30  INFO 31852 --- [backend] [ngodb.net:27017] org.mongodb.driver.cluster               : Monitor thread successfully connected to server with description ServerDescription{address=ac-1w8qwcv-shard-00-00.2pv8a2t.mongodb.net:27017, type=REPLICA_SET_SECONDARY, cryptd=false, state=CONNECTED, ok=true, minWireVersion=0, maxWireVersion=25, maxDocumentSize=16777216, logicalSessionTimeoutMinutes=30, roundTripTimeNanos=391559541, minRoundTripTimeNanos=0, setName='atlas-ixxxm6-shard-0', canonicalAddress=ac-1w8qwcv-shard-00-00.2pv8a2t.mongodb.net:27017, hosts=[ac-1w8qwcv-shard-00-01.2pv8a2t.mongodb.net:27017, ac-1w8qwcv-shard-00-02.2pv8a2t.mongodb.net:27017, ac-1w8qwcv-shard-00-00.2pv8a2t.mongodb.net:27017], passives=[], arbiters=[], primary='ac-1w8qwcv-shard-00-02.2pv8a2t.mongodb.net:27017', tagSet=TagSet{[Tag{name='availabilityZone', value='aps1-az1'}, Tag{name='diskState', value='READY'}, Tag{name='nodeType', value='ELECTABLE'}, Tag{name='provider', value='AWS'}, Tag{name='region', value='AP_SOUTH_1'}, Tag{name='workloadType', value='OPERATIONAL'}]}, electionId=null, setVersion=385, topologyVersion=TopologyVersion{processId=69ce977e42d82f2ae491a40d, counter=4}, lastWriteDate=Fri Apr 03 14:07:45 IST 2026, lastUpdateTimeNanos=135322570361583}
2026-04-03T14:07:45.870+05:30  INFO 31852 --- [backend] [ngodb.net:27017] org.mongodb.driver.cluster               : Monitor thread successfully connected to server with description ServerDescription{address=ac-1w8qwcv-shard-00-01.2pv8a2t.mongodb.net:27017, type=REPLICA_SET_SECONDARY, cryptd=false, state=CONNECTED, ok=true, minWireVersion=0, maxWireVersion=25, maxDocumentSize=16777216, logicalSessionTimeoutMinutes=30, roundTripTimeNanos=387196167, minRoundTripTimeNanos=0, setName='atlas-ixxxm6-shard-0', canonicalAddress=ac-1w8qwcv-shard-00-01.2pv8a2t.mongodb.net:27017, hosts=[ac-1w8qwcv-shard-00-01.2pv8a2t.mongodb.net:27017, ac-1w8qwcv-shard-00-02.2pv8a2t.mongodb.net:27017, ac-1w8qwcv-shard-00-00.2pv8a2t.mongodb.net:27017], passives=[], arbiters=[], primary='ac-1w8qwcv-shard-00-02.2pv8a2t.mongodb.net:27017', tagSet=TagSet{[Tag{name='availabilityZone', value='aps1-az3'}, Tag{name='diskState', value='READY'}, Tag{name='nodeType', value='ELECTABLE'}, Tag{name='provider', value='AWS'}, Tag{name='region', value='AP_SOUTH_1'}, Tag{name='workloadType', value='OPERATIONAL'}]}, electionId=null, setVersion=385, topologyVersion=TopologyVersion{processId=69ce9c7a4e20428f23292995, counter=3}, lastWriteDate=Fri Apr 03 14:07:45 IST 2026, lastUpdateTimeNanos=135322570361583}
2026-04-03T14:07:45.870+05:30  INFO 31852 --- [backend] [ngodb.net:27017] org.mongodb.driver.cluster               : Monitor thread successfully connected to server with description ServerDescription{address=ac-1w8qwcv-shard-00-02.2pv8a2t.mongodb.net:27017, type=REPLICA_SET_PRIMARY, cryptd=false, state=CONNECTED, ok=true, minWireVersion=0, maxWireVersion=25, maxDocumentSize=16777216, logicalSessionTimeoutMinutes=30, roundTripTimeNanos=391558375, minRoundTripTimeNanos=0, setName='atlas-ixxxm6-shard-0', canonicalAddress=ac-1w8qwcv-shard-00-02.2pv8a2t.mongodb.net:27017, hosts=[ac-1w8qwcv-shard-00-01.2pv8a2t.mongodb.net:27017, ac-1w8qwcv-shard-00-02.2pv8a2t.mongodb.net:27017, ac-1w8qwcv-shard-00-00.2pv8a2t.mongodb.net:27017], passives=[], arbiters=[], primary='ac-1w8qwcv-shard-00-02.2pv8a2t.mongodb.net:27017', tagSet=TagSet{[Tag{name='availabilityZone', value='aps1-az2'}, Tag{name='diskState', value='READY'}, Tag{name='nodeType', value='ELECTABLE'}, Tag{name='provider', value='AWS'}, Tag{name='region', value='AP_SOUTH_1'}, Tag{name='workloadType', value='OPERATIONAL'}]}, electionId=7fffffff000000000000016c, setVersion=385, topologyVersion=TopologyVersion{processId=69ce9ac41bcdafbfb39457bf, counter=6}, lastWriteDate=Fri Apr 03 14:07:45 IST 2026, lastUpdateTimeNanos=135322570360458}
2026-04-03T14:07:45.872+05:30  INFO 31852 --- [backend] [ngodb.net:27017] org.mongodb.driver.cluster               : Discovered replica set primary ac-1w8qwcv-shard-00-02.2pv8a2t.mongodb.net:27017 with max election id 7fffffff000000000000016c and max set version 385
2026-04-03T14:07:47.750+05:30  INFO 31852 --- [backend] [nio-8080-exec-1] o.apache.tomcat.util.http.parser.Cookie  : A cookie header was received [g_state={"i_l":0,"i_ll":1775205361262,"i_e":{"enable_itp_optimization":0}};] that contained an invalid cookie. That cookie will be ignored.
 Note: further occurrences of this error will be logged at DEBUG level.
2026-04-03T14:07:47.758+05:30  INFO 31852 --- [backend] [nio-8080-exec-1] o.a.c.c.C.[Tomcat].[localhost].[/]       : Initializing Spring DispatcherServlet 'dispatcherServlet'
2026-04-03T14:07:47.758+05:30  INFO 31852 --- [backend] [nio-8080-exec-1] o.s.web.servlet.DispatcherServlet        : Initializing Servlet 'dispatcherServlet'
2026-04-03T14:07:47.767+05:30  INFO 31852 --- [backend] [nio-8080-exec-1] o.s.web.servlet.DispatcherServlet        : Completed initialization in 9 ms
